[debug] [2020-04-29T16:16:00.731Z] ----------------------------------------------------------------------
[debug] [2020-04-29T16:16:00.734Z] Command:       /home/kayle/.nvm/versions/node/v12.16.1/bin/node /home/kayle/.nvm/versions/node/v12.16.1/bin/firebase deploy --only functions
[debug] [2020-04-29T16:16:00.734Z] CLI Version:   8.1.1
[debug] [2020-04-29T16:16:00.734Z] Platform:      linux
[debug] [2020-04-29T16:16:00.734Z] Node Version:  v12.16.1
[debug] [2020-04-29T16:16:00.735Z] Time:          Wed Apr 29 2020 18:16:00 GMT+0200 (South Africa Standard Time)
[debug] [2020-04-29T16:16:00.735Z] ----------------------------------------------------------------------
[debug] [2020-04-29T16:16:00.735Z] 
[debug] [2020-04-29T16:16:00.765Z] > command requires scopes: ["email","openid","https://www.googleapis.com/auth/cloudplatformprojects.readonly","https://www.googleapis.com/auth/firebase","https://www.googleapis.com/auth/cloud-platform"]
[debug] [2020-04-29T16:16:00.766Z] > authorizing via signed-in user
[debug] [2020-04-29T16:16:00.766Z] [iam] checking project interstellar-transport-system for permissions ["cloudfunctions.functions.create","cloudfunctions.functions.delete","cloudfunctions.functions.get","cloudfunctions.functions.list","cloudfunctions.functions.update","cloudfunctions.operations.get","firebase.projects.get"]
[debug] [2020-04-29T16:16:00.769Z] >>> HTTP REQUEST POST https://cloudresourcemanager.googleapis.com/v1/projects/interstellar-transport-system:testIamPermissions  
 {"permissions":["cloudfunctions.functions.create","cloudfunctions.functions.delete","cloudfunctions.functions.get","cloudfunctions.functions.list","cloudfunctions.functions.update","cloudfunctions.operations.get","firebase.projects.get"]}
[debug] [2020-04-29T16:16:03.007Z] <<< HTTP RESPONSE 200 {"content-type":"application/json; charset=UTF-8","vary":"X-Origin, Referer, Origin,Accept-Encoding","date":"Wed, 29 Apr 2020 16:16:02 GMT","server":"ESF","cache-control":"private","x-xss-protection":"0","x-frame-options":"SAMEORIGIN","x-content-type-options":"nosniff","server-timing":"gfet4t7; dur=1805","alt-svc":"quic=\":443\"; ma=2592000; v=\"46,43\",h3-Q050=\":443\"; ma=2592000,h3-Q049=\":443\"; ma=2592000,h3-Q048=\":443\"; ma=2592000,h3-Q046=\":443\"; ma=2592000,h3-Q043=\":443\"; ma=2592000,h3-T050=\":443\"; ma=2592000","accept-ranges":"none","transfer-encoding":"chunked"}
[debug] [2020-04-29T16:16:03.010Z] >>> HTTP REQUEST POST https://iam.googleapis.com/v1/projects/interstellar-transport-system/serviceAccounts/interstellar-transport-system@appspot.gserviceaccount.com:testIamPermissions  
 {"permissions":["iam.serviceAccounts.actAs"]}
[debug] [2020-04-29T16:16:05.382Z] <<< HTTP RESPONSE 200 {"content-type":"application/json; charset=UTF-8","vary":"X-Origin, Referer, Origin,Accept-Encoding","date":"Wed, 29 Apr 2020 16:16:05 GMT","server":"ESF","cache-control":"private","x-xss-protection":"0","x-frame-options":"SAMEORIGIN","x-content-type-options":"nosniff","alt-svc":"h3-Q050=\":443\"; ma=2592000,h3-Q049=\":443\"; ma=2592000,h3-Q048=\":443\"; ma=2592000,h3-Q046=\":443\"; ma=2592000,h3-Q043=\":443\"; ma=2592000,h3-T050=\":443\"; ma=2592000,quic=\":443\"; ma=2592000; v=\"46,43\"","accept-ranges":"none","transfer-encoding":"chunked"}
[info] 
[info] === Deploying to 'interstellar-transport-system'...
[info] 
[info] i  deploying functions
[info] Running command: npm --prefix "$RESOURCE_DIR" run lint
[info] Running command: npm --prefix "$RESOURCE_DIR" run build
[info] ✔  functions: Finished running predeploy script.
[debug] [2020-04-29T16:16:27.168Z] > [functions] package.json contents: {
  "name": "functions",
  "scripts": {
    "lint": "tslint --project tsconfig.json",
    "build": "tsc",
    "serve": "npm run build && firebase emulators:start --only functions",
    "shell": "npm run build && firebase functions:shell",
    "start": "npm run shell",
    "deploy": "firebase deploy --only functions",
    "logs": "firebase functions:log"
  },
  "engines": {
    "node": "8"
  },
  "main": "lib/index.js",
  "dependencies": {
    "firebase-admin": "^8.10.0",
    "firebase-functions": "^3.6.0"
  },
  "devDependencies": {
    "tslint": "^5.12.0",
    "typescript": "^3.2.2",
    "firebase-functions-test": "^0.2.0"
  },
  "private": true
}
[info] i  functions: ensuring required API cloudfunctions.googleapis.com is enabled...
[debug] [2020-04-29T16:16:28.953Z] [functions] runtime dependency check dates: warning: 2020-05-05T00:00:00.000Z error: 2020-06-05T00:00:00.000Z
[debug] [2020-04-29T16:16:28.953Z] >>> HTTP REQUEST GET https://serviceusage.googleapis.com/v1/projects/interstellar-transport-system/services/cloudfunctions.googleapis.com  
 
[debug] [2020-04-29T16:16:28.954Z] >>> HTTP REQUEST GET https://serviceusage.googleapis.com/v1/projects/interstellar-transport-system/services/runtimeconfig.googleapis.com  
 
[debug] [2020-04-29T16:16:31.209Z] <<< HTTP RESPONSE 200 {"content-type":"application/json; charset=UTF-8","vary":"X-Origin, Referer, Origin,Accept-Encoding","date":"Wed, 29 Apr 2020 16:16:31 GMT","server":"ESF","cache-control":"private","x-xss-protection":"0","x-frame-options":"SAMEORIGIN","x-content-type-options":"nosniff","alt-svc":"h3-Q050=\":443\"; ma=2592000,h3-Q049=\":443\"; ma=2592000,h3-Q048=\":443\"; ma=2592000,h3-Q046=\":443\"; ma=2592000,h3-Q043=\":443\"; ma=2592000,h3-T050=\":443\"; ma=2592000,quic=\":443\"; ma=2592000; v=\"46,43\"","accept-ranges":"none","transfer-encoding":"chunked"}
[debug] [2020-04-29T16:16:31.234Z] <<< HTTP RESPONSE 200 {"content-type":"application/json; charset=UTF-8","vary":"X-Origin, Referer, Origin,Accept-Encoding","date":"Wed, 29 Apr 2020 16:16:31 GMT","server":"ESF","cache-control":"private","x-xss-protection":"0","x-frame-options":"SAMEORIGIN","x-content-type-options":"nosniff","alt-svc":"h3-Q050=\":443\"; ma=2592000,h3-Q049=\":443\"; ma=2592000,h3-Q048=\":443\"; ma=2592000,h3-Q046=\":443\"; ma=2592000,h3-Q043=\":443\"; ma=2592000,h3-T050=\":443\"; ma=2592000,quic=\":443\"; ma=2592000; v=\"46,43\"","accept-ranges":"none","transfer-encoding":"chunked"}
[info] ✔  functions: required API cloudfunctions.googleapis.com is enabled
[debug] [2020-04-29T16:16:31.236Z] >>> HTTP REQUEST GET https://firebase.googleapis.com/v1beta1/projects/interstellar-transport-system/adminSdkConfig  
 
[debug] [2020-04-29T16:16:31.922Z] <<< HTTP RESPONSE 200 {"content-type":"application/json; charset=UTF-8","vary":"X-Origin, Referer, Origin,Accept-Encoding","date":"Wed, 29 Apr 2020 16:16:31 GMT","server":"ESF","cache-control":"private","x-xss-protection":"0","x-frame-options":"SAMEORIGIN","x-content-type-options":"nosniff","alt-svc":"quic=\":443\"; ma=2592000; v=\"46,43\",h3-Q050=\":443\"; ma=2592000,h3-Q049=\":443\"; ma=2592000,h3-Q048=\":443\"; ma=2592000,h3-Q046=\":443\"; ma=2592000,h3-Q043=\":443\"; ma=2592000,h3-T050=\":443\"; ma=2592000","accept-ranges":"none","transfer-encoding":"chunked"}
[info] i  functions: preparing functions directory for uploading...
[debug] [2020-04-29T16:16:31.926Z] >>> HTTP REQUEST GET https://runtimeconfig.googleapis.com/v1beta1/projects/interstellar-transport-system/configs  
 
[debug] [2020-04-29T16:16:33.269Z] <<< HTTP RESPONSE 200 {"content-type":"application/json; charset=UTF-8","vary":"X-Origin, Referer, Origin,Accept-Encoding","date":"Wed, 29 Apr 2020 16:16:33 GMT","server":"ESF","cache-control":"private","x-xss-protection":"0","x-frame-options":"SAMEORIGIN","x-content-type-options":"nosniff","alt-svc":"quic=\":443\"; ma=2592000; v=\"46,43\",h3-Q050=\":443\"; ma=2592000,h3-Q049=\":443\"; ma=2592000,h3-Q048=\":443\"; ma=2592000,h3-Q046=\":443\"; ma=2592000,h3-Q043=\":443\"; ma=2592000,h3-T050=\":443\"; ma=2592000","accept-ranges":"none","transfer-encoding":"chunked"}
[info] i  functions: packaged functions (59.57 KB) for uploading
[debug] [2020-04-29T16:16:36.470Z] >>> HTTP REQUEST GET https://cloudfunctions.googleapis.com/v1/projects/interstellar-transport-system/locations/-/functions  
 
[debug] [2020-04-29T16:16:37.363Z] <<< HTTP RESPONSE 200 {"content-type":"application/json; charset=UTF-8","vary":"X-Origin, Referer, Origin,Accept-Encoding","date":"Wed, 29 Apr 2020 16:16:37 GMT","server":"ESF","cache-control":"private","x-xss-protection":"0","x-frame-options":"SAMEORIGIN","x-content-type-options":"nosniff","alt-svc":"quic=\":443\"; ma=2592000; v=\"46,43\",h3-Q050=\":443\"; ma=2592000,h3-Q049=\":443\"; ma=2592000,h3-Q048=\":443\"; ma=2592000,h3-Q046=\":443\"; ma=2592000,h3-Q043=\":443\"; ma=2592000,h3-T050=\":443\"; ma=2592000","accept-ranges":"none","transfer-encoding":"chunked"}
[debug] [2020-04-29T16:16:37.369Z] >>> HTTP REQUEST POST https://cloudfunctions.googleapis.com/v1/projects/interstellar-transport-system/locations/us-central1/functions:generateUploadUrl  
 
[debug] [2020-04-29T16:16:38.398Z] <<< HTTP RESPONSE 200 {"content-type":"application/json; charset=UTF-8","vary":"X-Origin, Referer, Origin,Accept-Encoding","date":"Wed, 29 Apr 2020 16:16:38 GMT","server":"ESF","cache-control":"private","x-xss-protection":"0","x-frame-options":"SAMEORIGIN","x-content-type-options":"nosniff","alt-svc":"quic=\":443\"; ma=2592000; v=\"46,43\",h3-Q050=\":443\"; ma=2592000,h3-Q049=\":443\"; ma=2592000,h3-Q048=\":443\"; ma=2592000,h3-Q046=\":443\"; ma=2592000,h3-Q043=\":443\"; ma=2592000,h3-T050=\":443\"; ma=2592000","accept-ranges":"none","transfer-encoding":"chunked"}
[debug] [2020-04-29T16:16:38.400Z] >>> HTTP REQUEST PUT https://storage.googleapis.com/gcf-upload-us-central1-12fcd47f-b0ad-4934-8101-abf5a1b87486/7b814678-67d0-460e-89fd-85dbfec95bbe.zip?GoogleAccessId=service-623682417919@gcf-admin-robot.iam.gserviceaccount.com&Expires=1588178798&Signature=Jqm6U%2FMIMAF0YRXM0Eqg0v%2B1GHedJVJKr23FIqdH0yUoLEWlo90tazwQC%2BWyX3vPKqyMKtp2%2F2kSG2xX%2FrYEgwnWFLJEWI1nRkwsv17T4yAowLhFFn%2BZaND1k00RQHRanw9ZxZt8iMdybWZzZp%2BSmMOhBuEJW1nryGiK%2BaEJA8DCj4tdLdSjhNQdfAdHWQ%2FptSC2KJuQePNBEKm05HV%2BEpP%2BPgsufDo1epudSRVN31SowpAIkp2E6N8tT119y9JxeWlYK%2Fb3W76xtdmW3VzhfR05B6%2B4zIlVoTJIXgHQEb%2Byf6KOP4gCJ78d%2BbW8N9e0ogLGVjUxtbFPRBdAtmp4Mg%3D%3D  
 <request body omitted>
[debug] [2020-04-29T16:16:39.520Z] <<< HTTP RESPONSE 200 {"x-guploader-uploadid":"AAANsUmNIPwCzTy4Ul7xskJQgY0JYYr1s8y5FMMDIz_EdYVsvpqqwycQYyhIeFCeW2jDEwQX5BlxFKRe1QnjQRUXeS4","etag":"\"4dec198ead12fc22947d2d467dd36b5e\"","x-goog-generation":"1588176999357713","x-goog-metageneration":"1","x-goog-hash":"crc32c=vMA3ww==, md5=TewZjq0S/CKUfS1GfdNrXg==","x-goog-stored-content-length":"60998","x-goog-stored-content-encoding":"identity","vary":"Origin","content-length":"0","date":"Wed, 29 Apr 2020 16:16:39 GMT","server":"UploadServer","content-type":"text/html; charset=UTF-8","alt-svc":"h3-Q050=\":443\"; ma=2592000,h3-Q049=\":443\"; ma=2592000,h3-Q048=\":443\"; ma=2592000,h3-Q046=\":443\"; ma=2592000,h3-Q043=\":443\"; ma=2592000,h3-T050=\":443\"; ma=2592000,quic=\":443\"; ma=2592000; v=\"46,43\""}
[info] ✔  functions: functions folder uploaded successfully
[info] i  functions: updating Node.js 8 function getShortestPath(us-central1)...
[debug] [2020-04-29T16:16:39.526Z] Trigger is:  {"httpsTrigger":{}}
[info] i  functions: updating Node.js 8 function importDataFromCsvFile(us-central1)...
[debug] [2020-04-29T16:16:39.527Z] Trigger is:  {"eventTrigger":{"resource":"projects/_/buckets/interstellar-transport-system.appspot.com","eventType":"google.storage.object.finalize","service":"storage.googleapis.com"}}
[debug] [2020-04-29T16:16:39.529Z] >>> HTTP REQUEST GET https://serviceusage.googleapis.com/v1/projects/interstellar-transport-system/services/cloudscheduler.googleapis.com  
 
[debug] [2020-04-29T16:16:41.441Z] <<< HTTP RESPONSE 200 {"content-type":"application/json; charset=UTF-8","vary":"X-Origin, Referer, Origin,Accept-Encoding","date":"Wed, 29 Apr 2020 16:16:41 GMT","server":"ESF","cache-control":"private","x-xss-protection":"0","x-frame-options":"SAMEORIGIN","x-content-type-options":"nosniff","alt-svc":"h3-Q050=\":443\"; ma=2592000,h3-Q049=\":443\"; ma=2592000,h3-Q048=\":443\"; ma=2592000,h3-Q046=\":443\"; ma=2592000,h3-Q043=\":443\"; ma=2592000,h3-T050=\":443\"; ma=2592000,quic=\":443\"; ma=2592000; v=\"46,43\"","accept-ranges":"none","transfer-encoding":"chunked"}
[debug] [2020-04-29T16:16:41.445Z] >>> HTTP REQUEST PATCH https://cloudfunctions.googleapis.com/v1/projects/interstellar-transport-system/locations/us-central1/functions/getShortestPath {"updateMask":"sourceUploadUrl,name,labels,runtime,httpsTrigger"} 
 {"sourceUploadUrl":"https://storage.googleapis.com/gcf-upload-us-central1-12fcd47f-b0ad-4934-8101-abf5a1b87486/7b814678-67d0-460e-89fd-85dbfec95bbe.zip?GoogleAccessId=service-623682417919@gcf-admin-robot.iam.gserviceaccount.com&Expires=1588178798&Signature=Jqm6U%2FMIMAF0YRXM0Eqg0v%2B1GHedJVJKr23FIqdH0yUoLEWlo90tazwQC%2BWyX3vPKqyMKtp2%2F2kSG2xX%2FrYEgwnWFLJEWI1nRkwsv17T4yAowLhFFn%2BZaND1k00RQHRanw9ZxZt8iMdybWZzZp%2BSmMOhBuEJW1nryGiK%2BaEJA8DCj4tdLdSjhNQdfAdHWQ%2FptSC2KJuQePNBEKm05HV%2BEpP%2BPgsufDo1epudSRVN31SowpAIkp2E6N8tT119y9JxeWlYK%2Fb3W76xtdmW3VzhfR05B6%2B4zIlVoTJIXgHQEb%2Byf6KOP4gCJ78d%2BbW8N9e0ogLGVjUxtbFPRBdAtmp4Mg%3D%3D","name":"projects/interstellar-transport-system/locations/us-central1/functions/getShortestPath","labels":{"deployment-tool":"cli-firebase"},"httpsTrigger":{},"runtime":"nodejs8"}
[debug] [2020-04-29T16:16:41.448Z] >>> HTTP REQUEST PATCH https://cloudfunctions.googleapis.com/v1/projects/interstellar-transport-system/locations/us-central1/functions/importDataFromCsvFile {"updateMask":"sourceUploadUrl,name,labels,runtime,eventTrigger.resource,eventTrigger.eventType,eventTrigger.service"} 
 {"sourceUploadUrl":"https://storage.googleapis.com/gcf-upload-us-central1-12fcd47f-b0ad-4934-8101-abf5a1b87486/7b814678-67d0-460e-89fd-85dbfec95bbe.zip?GoogleAccessId=service-623682417919@gcf-admin-robot.iam.gserviceaccount.com&Expires=1588178798&Signature=Jqm6U%2FMIMAF0YRXM0Eqg0v%2B1GHedJVJKr23FIqdH0yUoLEWlo90tazwQC%2BWyX3vPKqyMKtp2%2F2kSG2xX%2FrYEgwnWFLJEWI1nRkwsv17T4yAowLhFFn%2BZaND1k00RQHRanw9ZxZt8iMdybWZzZp%2BSmMOhBuEJW1nryGiK%2BaEJA8DCj4tdLdSjhNQdfAdHWQ%2FptSC2KJuQePNBEKm05HV%2BEpP%2BPgsufDo1epudSRVN31SowpAIkp2E6N8tT119y9JxeWlYK%2Fb3W76xtdmW3VzhfR05B6%2B4zIlVoTJIXgHQEb%2Byf6KOP4gCJ78d%2BbW8N9e0ogLGVjUxtbFPRBdAtmp4Mg%3D%3D","name":"projects/interstellar-transport-system/locations/us-central1/functions/importDataFromCsvFile","labels":{"deployment-tool":"cli-firebase"},"eventTrigger":{"resource":"projects/_/buckets/interstellar-transport-system.appspot.com","eventType":"google.storage.object.finalize","service":"storage.googleapis.com"},"runtime":"nodejs8"}
[debug] [2020-04-29T16:16:41.961Z] <<< HTTP RESPONSE 200 {"content-type":"application/json; charset=UTF-8","vary":"X-Origin, Referer, Origin,Accept-Encoding","date":"Wed, 29 Apr 2020 16:16:41 GMT","server":"ESF","cache-control":"private","x-xss-protection":"0","x-frame-options":"SAMEORIGIN","x-content-type-options":"nosniff","alt-svc":"quic=\":443\"; ma=2592000; v=\"46,43\",h3-Q050=\":443\"; ma=2592000,h3-Q049=\":443\"; ma=2592000,h3-Q048=\":443\"; ma=2592000,h3-Q046=\":443\"; ma=2592000,h3-Q043=\":443\"; ma=2592000,h3-T050=\":443\"; ma=2592000","accept-ranges":"none","transfer-encoding":"chunked"}
[debug] [2020-04-29T16:16:42.085Z] <<< HTTP RESPONSE 200 {"content-type":"application/json; charset=UTF-8","vary":"X-Origin, Referer, Origin,Accept-Encoding","date":"Wed, 29 Apr 2020 16:16:41 GMT","server":"ESF","cache-control":"private","x-xss-protection":"0","x-frame-options":"SAMEORIGIN","x-content-type-options":"nosniff","alt-svc":"quic=\":443\"; ma=2592000; v=\"46,43\",h3-Q050=\":443\"; ma=2592000,h3-Q049=\":443\"; ma=2592000,h3-Q048=\":443\"; ma=2592000,h3-Q046=\":443\"; ma=2592000,h3-Q043=\":443\"; ma=2592000,h3-T050=\":443\"; ma=2592000","accept-ranges":"none","transfer-encoding":"chunked"}
[debug] [2020-04-29T16:16:42.088Z] >>> HTTP REQUEST GET https://cloudfunctions.googleapis.com/v1/projects/interstellar-transport-system/locations/-/functions  
 
[debug] [2020-04-29T16:16:42.627Z] <<< HTTP RESPONSE 200 {"content-type":"application/json; charset=UTF-8","vary":"X-Origin, Referer, Origin,Accept-Encoding","date":"Wed, 29 Apr 2020 16:16:42 GMT","server":"ESF","cache-control":"private","x-xss-protection":"0","x-frame-options":"SAMEORIGIN","x-content-type-options":"nosniff","alt-svc":"quic=\":443\"; ma=2592000; v=\"46,43\",h3-Q050=\":443\"; ma=2592000,h3-Q049=\":443\"; ma=2592000,h3-Q048=\":443\"; ma=2592000,h3-Q046=\":443\"; ma=2592000,h3-Q043=\":443\"; ma=2592000,h3-T050=\":443\"; ma=2592000","accept-ranges":"none","transfer-encoding":"chunked"}
[debug] [2020-04-29T16:16:42.630Z] >>> HTTP REQUEST GET https://cloudfunctions.googleapis.com/v1/operations/aW50ZXJzdGVsbGFyLXRyYW5zcG9ydC1zeXN0ZW0vdXMtY2VudHJhbDEvZ2V0U2hvcnRlc3RQYXRoL0pIeUljd3BpTnpF  
 
[debug] [2020-04-29T16:16:42.631Z] >>> HTTP REQUEST GET https://cloudfunctions.googleapis.com/v1/operations/aW50ZXJzdGVsbGFyLXRyYW5zcG9ydC1zeXN0ZW0vdXMtY2VudHJhbDEvaW1wb3J0RGF0YUZyb21Dc3ZGaWxlL3NCdDdseE1fNEtN  
 
[debug] [2020-04-29T16:16:42.994Z] <<< HTTP RESPONSE 200 {"content-type":"application/json; charset=UTF-8","vary":"X-Origin, Referer, Origin,Accept-Encoding","date":"Wed, 29 Apr 2020 16:16:42 GMT","server":"ESF","cache-control":"private","x-xss-protection":"0","x-frame-options":"SAMEORIGIN","x-content-type-options":"nosniff","alt-svc":"quic=\":443\"; ma=2592000; v=\"46,43\",h3-Q050=\":443\"; ma=2592000,h3-Q049=\":443\"; ma=2592000,h3-Q048=\":443\"; ma=2592000,h3-Q046=\":443\"; ma=2592000,h3-Q043=\":443\"; ma=2592000,h3-T050=\":443\"; ma=2592000","accept-ranges":"none","transfer-encoding":"chunked"}
[debug] [2020-04-29T16:16:43.015Z] <<< HTTP RESPONSE 200 {"content-type":"application/json; charset=UTF-8","vary":"X-Origin, Referer, Origin,Accept-Encoding","date":"Wed, 29 Apr 2020 16:16:42 GMT","server":"ESF","cache-control":"private","x-xss-protection":"0","x-frame-options":"SAMEORIGIN","x-content-type-options":"nosniff","alt-svc":"quic=\":443\"; ma=2592000; v=\"46,43\",h3-Q050=\":443\"; ma=2592000,h3-Q049=\":443\"; ma=2592000,h3-Q048=\":443\"; ma=2592000,h3-Q046=\":443\"; ma=2592000,h3-Q043=\":443\"; ma=2592000,h3-T050=\":443\"; ma=2592000","accept-ranges":"none","transfer-encoding":"chunked"}
[debug] [2020-04-29T16:16:44.997Z] >>> HTTP REQUEST GET https://cloudfunctions.googleapis.com/v1/operations/aW50ZXJzdGVsbGFyLXRyYW5zcG9ydC1zeXN0ZW0vdXMtY2VudHJhbDEvZ2V0U2hvcnRlc3RQYXRoL0pIeUljd3BpTnpF  
 
[debug] [2020-04-29T16:16:45.016Z] >>> HTTP REQUEST GET https://cloudfunctions.googleapis.com/v1/operations/aW50ZXJzdGVsbGFyLXRyYW5zcG9ydC1zeXN0ZW0vdXMtY2VudHJhbDEvaW1wb3J0RGF0YUZyb21Dc3ZGaWxlL3NCdDdseE1fNEtN  
 
[debug] [2020-04-29T16:16:45.377Z] <<< HTTP RESPONSE 200 {"content-type":"application/json; charset=UTF-8","vary":"X-Origin, Referer, Origin,Accept-Encoding","date":"Wed, 29 Apr 2020 16:16:45 GMT","server":"ESF","cache-control":"private","x-xss-protection":"0","x-frame-options":"SAMEORIGIN","x-content-type-options":"nosniff","alt-svc":"quic=\":443\"; ma=2592000; v=\"46,43\",h3-Q050=\":443\"; ma=2592000,h3-Q049=\":443\"; ma=2592000,h3-Q048=\":443\"; ma=2592000,h3-Q046=\":443\"; ma=2592000,h3-Q043=\":443\"; ma=2592000,h3-T050=\":443\"; ma=2592000","accept-ranges":"none","transfer-encoding":"chunked"}
[debug] [2020-04-29T16:16:45.420Z] <<< HTTP RESPONSE 200 {"content-type":"application/json; charset=UTF-8","vary":"X-Origin, Referer, Origin,Accept-Encoding","date":"Wed, 29 Apr 2020 16:16:45 GMT","server":"ESF","cache-control":"private","x-xss-protection":"0","x-frame-options":"SAMEORIGIN","x-content-type-options":"nosniff","alt-svc":"quic=\":443\"; ma=2592000; v=\"46,43\",h3-Q050=\":443\"; ma=2592000,h3-Q049=\":443\"; ma=2592000,h3-Q048=\":443\"; ma=2592000,h3-Q046=\":443\"; ma=2592000,h3-Q043=\":443\"; ma=2592000,h3-T050=\":443\"; ma=2592000","accept-ranges":"none","transfer-encoding":"chunked"}
[debug] [2020-04-29T16:16:47.380Z] >>> HTTP REQUEST GET https://cloudfunctions.googleapis.com/v1/operations/aW50ZXJzdGVsbGFyLXRyYW5zcG9ydC1zeXN0ZW0vdXMtY2VudHJhbDEvZ2V0U2hvcnRlc3RQYXRoL0pIeUljd3BpTnpF  
 
[debug] [2020-04-29T16:16:47.423Z] >>> HTTP REQUEST GET https://cloudfunctions.googleapis.com/v1/operations/aW50ZXJzdGVsbGFyLXRyYW5zcG9ydC1zeXN0ZW0vdXMtY2VudHJhbDEvaW1wb3J0RGF0YUZyb21Dc3ZGaWxlL3NCdDdseE1fNEtN  
 
[debug] [2020-04-29T16:16:47.756Z] <<< HTTP RESPONSE 200 {"content-type":"application/json; charset=UTF-8","vary":"X-Origin, Referer, Origin,Accept-Encoding","date":"Wed, 29 Apr 2020 16:16:47 GMT","server":"ESF","cache-control":"private","x-xss-protection":"0","x-frame-options":"SAMEORIGIN","x-content-type-options":"nosniff","alt-svc":"quic=\":443\"; ma=2592000; v=\"46,43\",h3-Q050=\":443\"; ma=2592000,h3-Q049=\":443\"; ma=2592000,h3-Q048=\":443\"; ma=2592000,h3-Q046=\":443\"; ma=2592000,h3-Q043=\":443\"; ma=2592000,h3-T050=\":443\"; ma=2592000","accept-ranges":"none","transfer-encoding":"chunked"}
[debug] [2020-04-29T16:16:47.802Z] <<< HTTP RESPONSE 200 {"content-type":"application/json; charset=UTF-8","vary":"X-Origin, Referer, Origin,Accept-Encoding","date":"Wed, 29 Apr 2020 16:16:47 GMT","server":"ESF","cache-control":"private","x-xss-protection":"0","x-frame-options":"SAMEORIGIN","x-content-type-options":"nosniff","alt-svc":"quic=\":443\"; ma=2592000; v=\"46,43\",h3-Q050=\":443\"; ma=2592000,h3-Q049=\":443\"; ma=2592000,h3-Q048=\":443\"; ma=2592000,h3-Q046=\":443\"; ma=2592000,h3-Q043=\":443\"; ma=2592000,h3-T050=\":443\"; ma=2592000","accept-ranges":"none","transfer-encoding":"chunked"}
[debug] [2020-04-29T16:16:49.757Z] >>> HTTP REQUEST GET https://cloudfunctions.googleapis.com/v1/operations/aW50ZXJzdGVsbGFyLXRyYW5zcG9ydC1zeXN0ZW0vdXMtY2VudHJhbDEvZ2V0U2hvcnRlc3RQYXRoL0pIeUljd3BpTnpF  
 
[debug] [2020-04-29T16:16:49.810Z] >>> HTTP REQUEST GET https://cloudfunctions.googleapis.com/v1/operations/aW50ZXJzdGVsbGFyLXRyYW5zcG9ydC1zeXN0ZW0vdXMtY2VudHJhbDEvaW1wb3J0RGF0YUZyb21Dc3ZGaWxlL3NCdDdseE1fNEtN  
 
[debug] [2020-04-29T16:16:50.188Z] <<< HTTP RESPONSE 200 {"content-type":"application/json; charset=UTF-8","vary":"X-Origin, Referer, Origin,Accept-Encoding","date":"Wed, 29 Apr 2020 16:16:50 GMT","server":"ESF","cache-control":"private","x-xss-protection":"0","x-frame-options":"SAMEORIGIN","x-content-type-options":"nosniff","alt-svc":"quic=\":443\"; ma=2592000; v=\"46,43\",h3-Q050=\":443\"; ma=2592000,h3-Q049=\":443\"; ma=2592000,h3-Q048=\":443\"; ma=2592000,h3-Q046=\":443\"; ma=2592000,h3-Q043=\":443\"; ma=2592000,h3-T050=\":443\"; ma=2592000","accept-ranges":"none","transfer-encoding":"chunked"}
[debug] [2020-04-29T16:16:50.190Z] <<< HTTP RESPONSE 200 {"content-type":"application/json; charset=UTF-8","vary":"X-Origin, Referer, Origin,Accept-Encoding","date":"Wed, 29 Apr 2020 16:16:50 GMT","server":"ESF","cache-control":"private","x-xss-protection":"0","x-frame-options":"SAMEORIGIN","x-content-type-options":"nosniff","alt-svc":"quic=\":443\"; ma=2592000; v=\"46,43\",h3-Q050=\":443\"; ma=2592000,h3-Q049=\":443\"; ma=2592000,h3-Q048=\":443\"; ma=2592000,h3-Q046=\":443\"; ma=2592000,h3-Q043=\":443\"; ma=2592000,h3-T050=\":443\"; ma=2592000","accept-ranges":"none","transfer-encoding":"chunked"}
[debug] [2020-04-29T16:16:52.193Z] >>> HTTP REQUEST GET https://cloudfunctions.googleapis.com/v1/operations/aW50ZXJzdGVsbGFyLXRyYW5zcG9ydC1zeXN0ZW0vdXMtY2VudHJhbDEvaW1wb3J0RGF0YUZyb21Dc3ZGaWxlL3NCdDdseE1fNEtN  
 
[debug] [2020-04-29T16:16:52.194Z] >>> HTTP REQUEST GET https://cloudfunctions.googleapis.com/v1/operations/aW50ZXJzdGVsbGFyLXRyYW5zcG9ydC1zeXN0ZW0vdXMtY2VudHJhbDEvZ2V0U2hvcnRlc3RQYXRoL0pIeUljd3BpTnpF  
 
[debug] [2020-04-29T16:16:52.586Z] <<< HTTP RESPONSE 200 {"content-type":"application/json; charset=UTF-8","vary":"X-Origin, Referer, Origin,Accept-Encoding","date":"Wed, 29 Apr 2020 16:16:52 GMT","server":"ESF","cache-control":"private","x-xss-protection":"0","x-frame-options":"SAMEORIGIN","x-content-type-options":"nosniff","alt-svc":"quic=\":443\"; ma=2592000; v=\"46,43\",h3-Q050=\":443\"; ma=2592000,h3-Q049=\":443\"; ma=2592000,h3-Q048=\":443\"; ma=2592000,h3-Q046=\":443\"; ma=2592000,h3-Q043=\":443\"; ma=2592000,h3-T050=\":443\"; ma=2592000","accept-ranges":"none","transfer-encoding":"chunked"}
[debug] [2020-04-29T16:16:52.602Z] <<< HTTP RESPONSE 200 {"content-type":"application/json; charset=UTF-8","vary":"X-Origin, Referer, Origin,Accept-Encoding","date":"Wed, 29 Apr 2020 16:16:52 GMT","server":"ESF","cache-control":"private","x-xss-protection":"0","x-frame-options":"SAMEORIGIN","x-content-type-options":"nosniff","alt-svc":"quic=\":443\"; ma=2592000; v=\"46,43\",h3-Q050=\":443\"; ma=2592000,h3-Q049=\":443\"; ma=2592000,h3-Q048=\":443\"; ma=2592000,h3-Q046=\":443\"; ma=2592000,h3-Q043=\":443\"; ma=2592000,h3-T050=\":443\"; ma=2592000","accept-ranges":"none","transfer-encoding":"chunked"}
[debug] [2020-04-29T16:16:54.589Z] >>> HTTP REQUEST GET https://cloudfunctions.googleapis.com/v1/operations/aW50ZXJzdGVsbGFyLXRyYW5zcG9ydC1zeXN0ZW0vdXMtY2VudHJhbDEvaW1wb3J0RGF0YUZyb21Dc3ZGaWxlL3NCdDdseE1fNEtN  
 
[debug] [2020-04-29T16:16:54.603Z] >>> HTTP REQUEST GET https://cloudfunctions.googleapis.com/v1/operations/aW50ZXJzdGVsbGFyLXRyYW5zcG9ydC1zeXN0ZW0vdXMtY2VudHJhbDEvZ2V0U2hvcnRlc3RQYXRoL0pIeUljd3BpTnpF  
 
[debug] [2020-04-29T16:16:54.951Z] <<< HTTP RESPONSE 200 {"content-type":"application/json; charset=UTF-8","vary":"X-Origin, Referer, Origin,Accept-Encoding","date":"Wed, 29 Apr 2020 16:16:54 GMT","server":"ESF","cache-control":"private","x-xss-protection":"0","x-frame-options":"SAMEORIGIN","x-content-type-options":"nosniff","alt-svc":"quic=\":443\"; ma=2592000; v=\"46,43\",h3-Q050=\":443\"; ma=2592000,h3-Q049=\":443\"; ma=2592000,h3-Q048=\":443\"; ma=2592000,h3-Q046=\":443\"; ma=2592000,h3-Q043=\":443\"; ma=2592000,h3-T050=\":443\"; ma=2592000","accept-ranges":"none","transfer-encoding":"chunked"}
[debug] [2020-04-29T16:16:54.981Z] <<< HTTP RESPONSE 200 {"content-type":"application/json; charset=UTF-8","vary":"X-Origin, Referer, Origin,Accept-Encoding","date":"Wed, 29 Apr 2020 16:16:54 GMT","server":"ESF","cache-control":"private","x-xss-protection":"0","x-frame-options":"SAMEORIGIN","x-content-type-options":"nosniff","alt-svc":"quic=\":443\"; ma=2592000; v=\"46,43\",h3-Q050=\":443\"; ma=2592000,h3-Q049=\":443\"; ma=2592000,h3-Q048=\":443\"; ma=2592000,h3-Q046=\":443\"; ma=2592000,h3-Q043=\":443\"; ma=2592000,h3-T050=\":443\"; ma=2592000","accept-ranges":"none","transfer-encoding":"chunked"}
